{"C:\\Users\\Power of  Leo\\Desktop\\Work\\Cursos\\erick-wendel\\tajs\\modulo-03-conceitos\\aula-06-e2e\\src\\Person.js": {"path":"C:\\Users\\Power of  Leo\\Desktop\\Work\\Cursos\\erick-wendel\\tajs\\modulo-03-conceitos\\aula-06-e2e\\src\\Person.js","all":false,"statementMap":{"0":{"start":{"line":1,"column":0},"end":{"line":1,"column":51}},"1":{"start":{"line":2,"column":0},"end":{"line":2,"column":0}},"2":{"start":{"line":3,"column":0},"end":{"line":3,"column":21}},"3":{"start":{"line":4,"column":0},"end":{"line":4,"column":0}},"4":{"start":{"line":5,"column":0},"end":{"line":5,"column":33}},"5":{"start":{"line":6,"column":0},"end":{"line":6,"column":70}},"6":{"start":{"line":7,"column":0},"end":{"line":7,"column":68}},"7":{"start":{"line":8,"column":0},"end":{"line":8,"column":19}},"8":{"start":{"line":9,"column":0},"end":{"line":9,"column":5}},"9":{"start":{"line":10,"column":0},"end":{"line":10,"column":0}},"10":{"start":{"line":11,"column":0},"end":{"line":11,"column":31}},"11":{"start":{"line":12,"column":0},"end":{"line":12,"column":0}},"12":{"start":{"line":13,"column":0},"end":{"line":13,"column":61}},"13":{"start":{"line":14,"column":0},"end":{"line":14,"column":0}},"14":{"start":{"line":15,"column":0},"end":{"line":15,"column":16}},"15":{"start":{"line":16,"column":0},"end":{"line":16,"column":28}},"16":{"start":{"line":17,"column":0},"end":{"line":17,"column":40}},"17":{"start":{"line":18,"column":0},"end":{"line":18,"column":52}},"18":{"start":{"line":19,"column":0},"end":{"line":19,"column":9}},"19":{"start":{"line":20,"column":0},"end":{"line":20,"column":5}},"20":{"start":{"line":21,"column":0},"end":{"line":21,"column":0}},"21":{"start":{"line":22,"column":0},"end":{"line":22,"column":24}},"22":{"start":{"line":23,"column":0},"end":{"line":23,"column":54}},"23":{"start":{"line":24,"column":0},"end":{"line":24,"column":0}},"24":{"start":{"line":25,"column":0},"end":{"line":25,"column":34}},"25":{"start":{"line":26,"column":0},"end":{"line":26,"column":8}},"26":{"start":{"line":27,"column":0},"end":{"line":27,"column":29}},"27":{"start":{"line":28,"column":0},"end":{"line":28,"column":73}},"28":{"start":{"line":29,"column":0},"end":{"line":29,"column":13}},"29":{"start":{"line":30,"column":0},"end":{"line":30,"column":10}},"30":{"start":{"line":31,"column":0},"end":{"line":31,"column":19}},"31":{"start":{"line":32,"column":0},"end":{"line":32,"column":5}},"32":{"start":{"line":33,"column":0},"end":{"line":33,"column":0}},"33":{"start":{"line":34,"column":0},"end":{"line":34,"column":27}},"34":{"start":{"line":35,"column":0},"end":{"line":35,"column":29}},"35":{"start":{"line":36,"column":0},"end":{"line":36,"column":51}},"36":{"start":{"line":37,"column":0},"end":{"line":37,"column":48}},"37":{"start":{"line":38,"column":0},"end":{"line":38,"column":8}},"38":{"start":{"line":39,"column":0},"end":{"line":39,"column":40}},"39":{"start":{"line":40,"column":0},"end":{"line":40,"column":5}},"40":{"start":{"line":41,"column":0},"end":{"line":41,"column":0}},"41":{"start":{"line":42,"column":0},"end":{"line":42,"column":1}}},"s":{"0":1,"1":1,"2":1,"3":1,"4":1,"5":6,"6":5,"7":3,"8":3,"9":1,"10":1,"11":2,"12":2,"13":2,"14":2,"15":2,"16":2,"17":2,"18":2,"19":2,"20":1,"21":1,"22":4,"23":4,"24":4,"25":12,"26":12,"27":1,"28":1,"29":4,"30":4,"31":4,"32":1,"33":1,"34":3,"35":3,"36":3,"37":3,"38":3,"39":3,"40":1,"41":1},"branchMap":{"0":{"type":"branch","line":5,"loc":{"start":{"line":5,"column":11},"end":{"line":9,"column":5}},"locations":[{"start":{"line":5,"column":11},"end":{"line":9,"column":5}}]},"1":{"type":"branch","line":6,"loc":{"start":{"line":6,"column":18},"end":{"line":6,"column":70}},"locations":[{"start":{"line":6,"column":18},"end":{"line":6,"column":70}}]},"2":{"type":"branch","line":7,"loc":{"start":{"line":7,"column":-2},"end":{"line":9,"column":5}},"locations":[{"start":{"line":7,"column":-2},"end":{"line":9,"column":5}}]},"3":{"type":"branch","line":7,"loc":{"start":{"line":7,"column":17},"end":{"line":7,"column":68}},"locations":[{"start":{"line":7,"column":17},"end":{"line":7,"column":68}}]},"4":{"type":"branch","line":8,"loc":{"start":{"line":8,"column":-2},"end":{"line":9,"column":5}},"locations":[{"start":{"line":8,"column":-2},"end":{"line":9,"column":5}}]},"5":{"type":"branch","line":11,"loc":{"start":{"line":11,"column":11},"end":{"line":20,"column":5}},"locations":[{"start":{"line":11,"column":11},"end":{"line":20,"column":5}}]},"6":{"type":"branch","line":22,"loc":{"start":{"line":22,"column":11},"end":{"line":32,"column":5}},"locations":[{"start":{"line":22,"column":11},"end":{"line":32,"column":5}}]},"7":{"type":"branch","line":25,"loc":{"start":{"line":25,"column":26},"end":{"line":30,"column":9}},"locations":[{"start":{"line":25,"column":26},"end":{"line":30,"column":9}}]},"8":{"type":"branch","line":27,"loc":{"start":{"line":27,"column":28},"end":{"line":29,"column":13}},"locations":[{"start":{"line":27,"column":28},"end":{"line":29,"column":13}}]},"9":{"type":"branch","line":34,"loc":{"start":{"line":34,"column":11},"end":{"line":40,"column":5}},"locations":[{"start":{"line":34,"column":11},"end":{"line":40,"column":5}}]},"10":{"type":"branch","line":39,"loc":{"start":{"line":39,"column":18},"end":{"line":39,"column":40}},"locations":[{"start":{"line":39,"column":18},"end":{"line":39,"column":40}}]}},"b":{"0":[6],"1":[1],"2":[5],"3":[2],"4":[3],"5":[2],"6":[4],"7":[12],"8":[1],"9":[3],"10":[2]},"fnMap":{"0":{"name":"validate","decl":{"start":{"line":5,"column":11},"end":{"line":9,"column":5}},"loc":{"start":{"line":5,"column":11},"end":{"line":9,"column":5}},"line":5},"1":{"name":"format","decl":{"start":{"line":11,"column":11},"end":{"line":20,"column":5}},"loc":{"start":{"line":11,"column":11},"end":{"line":20,"column":5}},"line":11},"2":{"name":"save","decl":{"start":{"line":22,"column":11},"end":{"line":32,"column":5}},"loc":{"start":{"line":22,"column":11},"end":{"line":32,"column":5}},"line":22},"3":{"name":"process","decl":{"start":{"line":34,"column":11},"end":{"line":40,"column":5}},"loc":{"start":{"line":34,"column":11},"end":{"line":40,"column":5}},"line":34}},"f":{"0":6,"1":2,"2":4,"3":3}}
,"C:\\Users\\Power of  Leo\\Desktop\\Work\\Cursos\\erick-wendel\\tajs\\modulo-03-conceitos\\aula-06-e2e\\src\\expections.js": {"path":"C:\\Users\\Power of  Leo\\Desktop\\Work\\Cursos\\erick-wendel\\tajs\\modulo-03-conceitos\\aula-06-e2e\\src\\expections.js","all":false,"statementMap":{"0":{"start":{"line":1,"column":0},"end":{"line":1,"column":0}},"1":{"start":{"line":2,"column":0},"end":{"line":2,"column":0}},"2":{"start":{"line":3,"column":0},"end":{"line":3,"column":0}},"3":{"start":{"line":4,"column":0},"end":{"line":4,"column":34}},"4":{"start":{"line":5,"column":0},"end":{"line":5,"column":42}},"5":{"start":{"line":6,"column":0},"end":{"line":6,"column":40}},"6":{"start":{"line":7,"column":0},"end":{"line":7,"column":65}},"7":{"start":{"line":8,"column":0},"end":{"line":8,"column":1}}},"s":{"0":1,"1":1,"2":1,"3":1,"4":1,"5":1,"6":1,"7":1},"branchMap":{"0":{"type":"branch","line":7,"loc":{"start":{"line":7,"column":24},"end":{"line":7,"column":65}},"locations":[{"start":{"line":7,"column":24},"end":{"line":7,"column":65}}]}},"b":{"0":[2]},"fnMap":{"0":{"name":"VALUE_NOT_DEFINED","decl":{"start":{"line":7,"column":24},"end":{"line":7,"column":65}},"loc":{"start":{"line":7,"column":24},"end":{"line":7,"column":65}},"line":7}},"f":{"0":2}}
,"C:\\Users\\Power of  Leo\\Desktop\\Work\\Cursos\\erick-wendel\\tajs\\modulo-03-conceitos\\aula-06-e2e\\src\\index.js": {"path":"C:\\Users\\Power of  Leo\\Desktop\\Work\\Cursos\\erick-wendel\\tajs\\modulo-03-conceitos\\aula-06-e2e\\src\\index.js","all":false,"statementMap":{"0":{"start":{"line":1,"column":0},"end":{"line":1,"column":37}},"1":{"start":{"line":2,"column":0},"end":{"line":2,"column":0}},"2":{"start":{"line":3,"column":0},"end":{"line":3,"column":37}},"3":{"start":{"line":4,"column":0},"end":{"line":4,"column":0}},"4":{"start":{"line":5,"column":0},"end":{"line":5,"column":38}},"5":{"start":{"line":6,"column":0},"end":{"line":6,"column":29}},"6":{"start":{"line":7,"column":0},"end":{"line":7,"column":34}},"7":{"start":{"line":8,"column":0},"end":{"line":8,"column":118}},"8":{"start":{"line":9,"column":0},"end":{"line":9,"column":5}},"9":{"start":{"line":10,"column":0},"end":{"line":10,"column":1}},"10":{"start":{"line":11,"column":0},"end":{"line":11,"column":0}},"11":{"start":{"line":12,"column":0},"end":{"line":12,"column":22}},"12":{"start":{"line":13,"column":0},"end":{"line":13,"column":0}},"13":{"start":{"line":14,"column":0},"end":{"line":14,"column":0}},"14":{"start":{"line":15,"column":0},"end":{"line":15,"column":2}},"15":{"start":{"line":16,"column":0},"end":{"line":16,"column":21}},"16":{"start":{"line":17,"column":0},"end":{"line":17,"column":41}},"17":{"start":{"line":18,"column":0},"end":{"line":18,"column":54}},"18":{"start":{"line":19,"column":0},"end":{"line":19,"column":33}},"19":{"start":{"line":20,"column":0},"end":{"line":20,"column":2}},"20":{"start":{"line":21,"column":0},"end":{"line":21,"column":0}},"21":{"start":{"line":22,"column":0},"end":{"line":22,"column":0}},"22":{"start":{"line":23,"column":0},"end":{"line":23,"column":0}},"23":{"start":{"line":24,"column":0},"end":{"line":24,"column":0}},"24":{"start":{"line":25,"column":0},"end":{"line":25,"column":0}},"25":{"start":{"line":26,"column":0},"end":{"line":26,"column":0}},"26":{"start":{"line":27,"column":0},"end":{"line":27,"column":38092}}},"s":{"0":1,"1":1,"2":1,"3":1,"4":1,"5":1,"6":1,"7":1,"8":1,"9":1,"10":1,"11":1,"12":1,"13":1,"14":1,"15":1,"16":1,"17":1,"18":1,"19":1,"20":1,"21":1,"22":1,"23":1,"24":1,"25":1,"26":1},"branchMap":{"0":{"type":"branch","line":3,"loc":{"start":{"line":3,"column":29},"end":{"line":3,"column":37}},"locations":[{"start":{"line":3,"column":29},"end":{"line":3,"column":37}}]},"1":{"type":"branch","line":6,"loc":{"start":{"line":6,"column":22},"end":{"line":9,"column":3}},"locations":[{"start":{"line":6,"column":22},"end":{"line":9,"column":3}}]},"2":{"type":"branch","line":27,"loc":{"start":{"line":27,"column":68},"end":{"line":27,"column":37455}},"locations":[{"start":{"line":27,"column":68},"end":{"line":27,"column":37455}}]},"3":{"type":"branch","line":27,"loc":{"start":{"line":27,"column":37444},"end":{"line":27,"column":37454}},"locations":[{"start":{"line":27,"column":37444},"end":{"line":27,"column":37454}}]},"4":{"type":"branch","line":27,"loc":{"start":{"line":27,"column":37482},"end":{"line":27,"column":37555}},"locations":[{"start":{"line":27,"column":37482},"end":{"line":27,"column":37555}}]},"5":{"type":"branch","line":27,"loc":{"start":{"line":27,"column":37535},"end":{"line":27,"column":37546}},"locations":[{"start":{"line":27,"column":37535},"end":{"line":27,"column":37546}}]}},"b":{"0":[0],"1":[1],"2":[1],"3":[1],"4":[1],"5":[1]},"fnMap":{"0":{"name":"oo_cm","decl":{"start":{"line":27,"column":68},"end":{"line":27,"column":37455}},"loc":{"start":{"line":27,"column":68},"end":{"line":27,"column":37455}},"line":27},"1":{"name":"oo_oo","decl":{"start":{"line":27,"column":37482},"end":{"line":27,"column":37555}},"loc":{"start":{"line":27,"column":37482},"end":{"line":27,"column":37555}},"line":27},"2":{"name":"oo_tr","decl":{"start":{"line":27,"column":37582},"end":{"line":27,"column":37657}},"loc":{"start":{"line":27,"column":37582},"end":{"line":27,"column":37657}},"line":27},"3":{"name":"oo_ts","decl":{"start":{"line":27,"column":37684},"end":{"line":27,"column":37739}},"loc":{"start":{"line":27,"column":37684},"end":{"line":27,"column":37739}},"line":27},"4":{"name":"oo_te","decl":{"start":{"line":27,"column":37766},"end":{"line":27,"column":37824}},"loc":{"start":{"line":27,"column":37766},"end":{"line":27,"column":37824}},"line":27}},"f":{"0":1,"1":1,"2":1,"3":1,"4":1}}
,"C:\\Users\\Power of  Leo\\Desktop\\Work\\Cursos\\erick-wendel\\tajs\\modulo-03-conceitos\\aula-06-e2e\\src\\server.js": {"path":"C:\\Users\\Power of  Leo\\Desktop\\Work\\Cursos\\erick-wendel\\tajs\\modulo-03-conceitos\\aula-06-e2e\\src\\server.js","all":false,"statementMap":{"0":{"start":{"line":1,"column":0},"end":{"line":1,"column":35}},"1":{"start":{"line":2,"column":0},"end":{"line":2,"column":29}},"2":{"start":{"line":3,"column":0},"end":{"line":3,"column":37}},"3":{"start":{"line":4,"column":0},"end":{"line":4,"column":0}},"4":{"start":{"line":5,"column":0},"end":{"line":5,"column":61}},"5":{"start":{"line":6,"column":0},"end":{"line":6,"column":56}},"6":{"start":{"line":7,"column":0},"end":{"line":7,"column":23}},"7":{"start":{"line":8,"column":0},"end":{"line":8,"column":25}},"8":{"start":{"line":9,"column":0},"end":{"line":9,"column":11}},"9":{"start":{"line":10,"column":0},"end":{"line":10,"column":3}},"10":{"start":{"line":11,"column":0},"end":{"line":11,"column":0}},"11":{"start":{"line":12,"column":0},"end":{"line":12,"column":7}},"12":{"start":{"line":13,"column":0},"end":{"line":13,"column":43}},"13":{"start":{"line":14,"column":0},"end":{"line":14,"column":35}},"14":{"start":{"line":15,"column":0},"end":{"line":15,"column":34}},"15":{"start":{"line":16,"column":0},"end":{"line":16,"column":40}},"16":{"start":{"line":17,"column":0},"end":{"line":17,"column":0}},"17":{"start":{"line":18,"column":0},"end":{"line":18,"column":43}},"18":{"start":{"line":19,"column":0},"end":{"line":19,"column":17}},"19":{"start":{"line":20,"column":0},"end":{"line":20,"column":45}},"20":{"start":{"line":21,"column":0},"end":{"line":21,"column":25}},"21":{"start":{"line":22,"column":0},"end":{"line":22,"column":14}},"22":{"start":{"line":23,"column":0},"end":{"line":23,"column":24}},"23":{"start":{"line":24,"column":0},"end":{"line":24,"column":39}},"24":{"start":{"line":25,"column":0},"end":{"line":25,"column":10}},"25":{"start":{"line":26,"column":0},"end":{"line":26,"column":8}},"26":{"start":{"line":27,"column":0},"end":{"line":27,"column":13}},"27":{"start":{"line":28,"column":0},"end":{"line":28,"column":5}},"28":{"start":{"line":29,"column":0},"end":{"line":29,"column":0}},"29":{"start":{"line":30,"column":0},"end":{"line":30,"column":23}},"30":{"start":{"line":31,"column":0},"end":{"line":31,"column":37}},"31":{"start":{"line":32,"column":0},"end":{"line":32,"column":11}},"32":{"start":{"line":33,"column":0},"end":{"line":33,"column":3}},"33":{"start":{"line":34,"column":0},"end":{"line":34,"column":3}}},"s":{"0":1,"1":1,"2":1,"3":1,"4":1,"5":3,"6":1,"7":1,"8":1,"9":1,"10":2,"11":2,"12":2,"13":2,"14":2,"15":2,"16":2,"17":2,"18":3,"19":1,"20":1,"21":1,"22":1,"23":1,"24":1,"25":1,"26":1,"27":1,"28":0,"29":0,"30":0,"31":0,"32":0,"33":1},"branchMap":{"0":{"type":"branch","line":5,"loc":{"start":{"line":5,"column":40},"end":{"line":34,"column":2}},"locations":[{"start":{"line":5,"column":40},"end":{"line":34,"column":2}}]},"1":{"type":"branch","line":6,"loc":{"start":{"line":6,"column":55},"end":{"line":10,"column":3}},"locations":[{"start":{"line":6,"column":55},"end":{"line":10,"column":3}}]},"2":{"type":"branch","line":10,"loc":{"start":{"line":10,"column":2},"end":{"line":19,"column":4}},"locations":[{"start":{"line":10,"column":2},"end":{"line":19,"column":4}}]},"3":{"type":"branch","line":19,"loc":{"start":{"line":19,"column":4},"end":{"line":33,"column":3}},"locations":[{"start":{"line":19,"column":4},"end":{"line":33,"column":3}}]},"4":{"type":"branch","line":28,"loc":{"start":{"line":28,"column":4},"end":{"line":33,"column":3}},"locations":[{"start":{"line":28,"column":4},"end":{"line":33,"column":3}}]}},"b":{"0":[3],"1":[1],"2":[2],"3":[1],"4":[0]},"fnMap":{},"f":{}}
}
