TN:
SF:src\Person.js
FN:5,validate
FN:11,format
FN:22,save
FN:34,process
FNF:4
FNH:4
FNDA:6,validate
FNDA:2,format
FNDA:4,save
FNDA:3,process
DA:1,1
DA:2,1
DA:3,1
DA:4,1
DA:5,1
DA:6,6
DA:7,5
DA:8,3
DA:9,3
DA:10,1
DA:11,1
DA:12,2
DA:13,2
DA:14,2
DA:15,2
DA:16,2
DA:17,2
DA:18,2
DA:19,2
DA:20,2
DA:21,1
DA:22,1
DA:23,4
DA:24,4
DA:25,4
DA:26,12
DA:27,12
DA:28,1
DA:29,1
DA:30,4
DA:31,4
DA:32,4
DA:33,1
DA:34,1
DA:35,3
DA:36,3
DA:37,3
DA:38,3
DA:39,3
DA:40,3
DA:41,1
DA:42,1
LF:42
LH:42
BRDA:5,0,0,6
BRDA:6,1,0,1
BRDA:7,2,0,5
BRDA:7,3,0,2
BRDA:8,4,0,3
BRDA:11,5,0,2
BRDA:22,6,0,4
BRDA:25,7,0,12
BRDA:27,8,0,1
BRDA:34,9,0,3
BRDA:39,10,0,2
BRF:11
BRH:11
end_of_record
TN:
SF:src\expections.js
FN:7,VALUE_NOT_DEFINED
FNF:1
FNH:1
FNDA:2,VALUE_NOT_DEFINED
DA:1,1
DA:2,1
DA:3,1
DA:4,1
DA:5,1
DA:6,1
DA:7,1
DA:8,1
LF:8
LH:8
BRDA:7,0,0,2
BRF:1
BRH:1
end_of_record
TN:
SF:src\index.js
FN:27,oo_cm
FN:27,oo_oo
FN:27,oo_tr
FN:27,oo_ts
FN:27,oo_te
FNF:5
FNH:5
FNDA:1,oo_cm
FNDA:1,oo_oo
FNDA:1,oo_tr
FNDA:1,oo_ts
FNDA:1,oo_te
DA:1,1
DA:2,1
DA:3,1
DA:4,1
DA:5,1
DA:6,1
DA:7,1
DA:8,1
DA:9,1
DA:10,1
DA:11,1
DA:12,1
DA:13,1
DA:14,1
DA:15,1
DA:16,1
DA:17,1
DA:18,1
DA:19,1
DA:20,1
DA:21,1
DA:22,1
DA:23,1
DA:24,1
DA:25,1
DA:26,1
DA:27,1
LF:27
LH:27
BRDA:3,0,0,0
BRDA:6,1,0,1
BRDA:27,2,0,1
BRDA:27,3,0,1
BRDA:27,4,0,1
BRDA:27,5,0,1
BRF:6
BRH:5
end_of_record
TN:
SF:src\server.js
FNF:0
FNH:0
DA:1,1
DA:2,1
DA:3,1
DA:4,1
DA:5,1
DA:6,3
DA:7,1
DA:8,1
DA:9,1
DA:10,1
DA:11,2
DA:12,2
DA:13,2
DA:14,2
DA:15,2
DA:16,2
DA:17,2
DA:18,2
DA:19,3
DA:20,1
DA:21,1
DA:22,1
DA:23,1
DA:24,1
DA:25,1
DA:26,1
DA:27,1
DA:28,1
DA:29,0
DA:30,0
DA:31,0
DA:32,0
DA:33,0
DA:34,1
LF:34
LH:29
BRDA:5,0,0,3
BRDA:6,1,0,1
BRDA:10,2,0,2
BRDA:19,3,0,1
BRDA:28,4,0,0
BRF:5
BRH:4
end_of_record
