{"C:\\Users\\Power of  Leo\\Desktop\\Work\\Cursos\\erick-wendel\\tajs\\modulo-04-tdd-bdd\\aula-01-tdd\\src\\api.js": {"path":"C:\\Users\\Power of  Leo\\Desktop\\Work\\Cursos\\erick-wendel\\tajs\\modulo-04-tdd-bdd\\aula-01-tdd\\src\\api.js","all":false,"statementMap":{"0":{"start":{"line":1,"column":0},"end":{"line":1,"column":41}},"1":{"start":{"line":2,"column":0},"end":{"line":2,"column":49}},"2":{"start":{"line":3,"column":0},"end":{"line":3,"column":43}},"3":{"start":{"line":4,"column":0},"end":{"line":4,"column":0}},"4":{"start":{"line":5,"column":0},"end":{"line":5,"column":26}},"5":{"start":{"line":6,"column":0},"end":{"line":6,"column":0}},"6":{"start":{"line":7,"column":0},"end":{"line":7,"column":49}},"7":{"start":{"line":8,"column":0},"end":{"line":8,"column":7}},"8":{"start":{"line":9,"column":0},"end":{"line":9,"column":56}},"9":{"start":{"line":10,"column":0},"end":{"line":10,"column":34}},"10":{"start":{"line":11,"column":0},"end":{"line":11,"column":42}},"11":{"start":{"line":12,"column":0},"end":{"line":12,"column":7}},"12":{"start":{"line":13,"column":0},"end":{"line":13,"column":5}},"13":{"start":{"line":14,"column":0},"end":{"line":14,"column":0}},"14":{"start":{"line":15,"column":0},"end":{"line":15,"column":63}},"15":{"start":{"line":16,"column":0},"end":{"line":16,"column":37}},"16":{"start":{"line":17,"column":0},"end":{"line":17,"column":5}},"17":{"start":{"line":18,"column":0},"end":{"line":18,"column":17}},"18":{"start":{"line":19,"column":0},"end":{"line":19,"column":38}},"19":{"start":{"line":20,"column":0},"end":{"line":20,"column":37}},"20":{"start":{"line":21,"column":0},"end":{"line":21,"column":20}},"21":{"start":{"line":22,"column":0},"end":{"line":22,"column":36}},"22":{"start":{"line":23,"column":0},"end":{"line":23,"column":47}},"23":{"start":{"line":24,"column":0},"end":{"line":24,"column":72}},"24":{"start":{"line":25,"column":0},"end":{"line":25,"column":24}},"25":{"start":{"line":26,"column":0},"end":{"line":26,"column":19}},"26":{"start":{"line":27,"column":0},"end":{"line":27,"column":22}},"27":{"start":{"line":28,"column":0},"end":{"line":28,"column":35}},"28":{"start":{"line":29,"column":0},"end":{"line":29,"column":8}},"29":{"start":{"line":30,"column":0},"end":{"line":30,"column":6}},"30":{"start":{"line":31,"column":0},"end":{"line":31,"column":3}},"31":{"start":{"line":32,"column":0},"end":{"line":32,"column":0}},"32":{"start":{"line":33,"column":0},"end":{"line":33,"column":21}},"33":{"start":{"line":34,"column":0},"end":{"line":34,"column":23}},"34":{"start":{"line":35,"column":0},"end":{"line":35,"column":9}},"35":{"start":{"line":36,"column":0},"end":{"line":36,"column":3}},"36":{"start":{"line":37,"column":0},"end":{"line":37,"column":0}},"37":{"start":{"line":38,"column":0},"end":{"line":38,"column":22}}},"s":{"0":1,"1":1,"2":1,"3":1,"4":1,"5":1,"6":1,"7":3,"8":3,"9":2,"10":2,"11":2,"12":2,"13":1,"14":3,"15":1,"16":1,"17":3,"18":1,"19":1,"20":1,"21":1,"22":1,"23":1,"24":1,"25":1,"26":1,"27":1,"28":1,"29":1,"30":1,"31":0,"32":0,"33":0,"34":0,"35":1,"36":1,"37":1},"branchMap":{"0":{"type":"branch","line":7,"loc":{"start":{"line":7,"column":28},"end":{"line":36,"column":2}},"locations":[{"start":{"line":7,"column":28},"end":{"line":36,"column":2}}]},"1":{"type":"branch","line":9,"loc":{"start":{"line":9,"column":28},"end":{"line":9,"column":53}},"locations":[{"start":{"line":9,"column":28},"end":{"line":9,"column":53}}]},"2":{"type":"branch","line":9,"loc":{"start":{"line":9,"column":55},"end":{"line":13,"column":5}},"locations":[{"start":{"line":9,"column":55},"end":{"line":13,"column":5}}]},"3":{"type":"branch","line":13,"loc":{"start":{"line":13,"column":4},"end":{"line":15,"column":60}},"locations":[{"start":{"line":13,"column":4},"end":{"line":15,"column":60}}]},"4":{"type":"branch","line":15,"loc":{"start":{"line":15,"column":62},"end":{"line":17,"column":5}},"locations":[{"start":{"line":15,"column":62},"end":{"line":17,"column":5}}]},"5":{"type":"branch","line":18,"loc":{"start":{"line":18,"column":4},"end":{"line":31,"column":3}},"locations":[{"start":{"line":18,"column":4},"end":{"line":31,"column":3}}]},"6":{"type":"branch","line":19,"loc":{"start":{"line":19,"column":31},"end":{"line":19,"column":37}},"locations":[{"start":{"line":19,"column":31},"end":{"line":19,"column":37}}]},"7":{"type":"branch","line":23,"loc":{"start":{"line":23,"column":40},"end":{"line":23,"column":46}},"locations":[{"start":{"line":23,"column":40},"end":{"line":23,"column":46}}]},"8":{"type":"branch","line":24,"loc":{"start":{"line":24,"column":52},"end":{"line":24,"column":71}},"locations":[{"start":{"line":24,"column":52},"end":{"line":24,"column":71}}]},"9":{"type":"branch","line":31,"loc":{"start":{"line":31,"column":2},"end":{"line":36,"column":2}},"locations":[{"start":{"line":31,"column":2},"end":{"line":36,"column":2}}]}},"b":{"0":[3],"1":[2],"2":[2],"3":[1],"4":[1],"5":[1],"6":[0],"7":[0],"8":[0],"9":[0]},"fnMap":{},"f":{}}
,"C:\\Users\\Power of  Leo\\Desktop\\Work\\Cursos\\erick-wendel\\tajs\\modulo-04-tdd-bdd\\aula-01-tdd\\src\\helpers\\checkUserAge.js": {"path":"C:\\Users\\Power of  Leo\\Desktop\\Work\\Cursos\\erick-wendel\\tajs\\modulo-04-tdd-bdd\\aula-01-tdd\\src\\helpers\\checkUserAge.js","all":false,"statementMap":{"0":{"start":{"line":1,"column":0},"end":{"line":1,"column":55}},"1":{"start":{"line":2,"column":0},"end":{"line":2,"column":0}},"2":{"start":{"line":3,"column":0},"end":{"line":3,"column":38}},"3":{"start":{"line":4,"column":0},"end":{"line":4,"column":17}},"4":{"start":{"line":5,"column":0},"end":{"line":5,"column":49}},"5":{"start":{"line":6,"column":0},"end":{"line":6,"column":3}},"6":{"start":{"line":7,"column":0},"end":{"line":7,"column":31}},"7":{"start":{"line":8,"column":0},"end":{"line":8,"column":25}},"8":{"start":{"line":9,"column":0},"end":{"line":9,"column":3}},"9":{"start":{"line":10,"column":0},"end":{"line":10,"column":31}},"10":{"start":{"line":11,"column":0},"end":{"line":11,"column":19}},"11":{"start":{"line":12,"column":0},"end":{"line":12,"column":3}},"12":{"start":{"line":13,"column":0},"end":{"line":13,"column":18}},"13":{"start":{"line":14,"column":0},"end":{"line":14,"column":2}}},"s":{"0":1,"1":1,"2":1,"3":2,"4":1,"5":1,"6":2,"7":1,"8":1,"9":2,"10":0,"11":0,"12":0,"13":0},"branchMap":{"0":{"type":"branch","line":3,"loc":{"start":{"line":3,"column":29},"end":{"line":14,"column":2}},"locations":[{"start":{"line":3,"column":29},"end":{"line":14,"column":2}}]},"1":{"type":"branch","line":4,"loc":{"start":{"line":4,"column":16},"end":{"line":7,"column":28}},"locations":[{"start":{"line":4,"column":16},"end":{"line":7,"column":28}}]},"2":{"type":"branch","line":7,"loc":{"start":{"line":7,"column":30},"end":{"line":9,"column":3}},"locations":[{"start":{"line":7,"column":30},"end":{"line":9,"column":3}}]},"3":{"type":"branch","line":9,"loc":{"start":{"line":9,"column":2},"end":{"line":10,"column":28}},"locations":[{"start":{"line":9,"column":2},"end":{"line":10,"column":28}}]},"4":{"type":"branch","line":10,"loc":{"start":{"line":10,"column":30},"end":{"line":14,"column":2}},"locations":[{"start":{"line":10,"column":30},"end":{"line":14,"column":2}}]}},"b":{"0":[2],"1":[1],"2":[1],"3":[0],"4":[0]},"fnMap":{"0":{"name":"checkUserAge","decl":{"start":{"line":3,"column":29},"end":{"line":14,"column":2}},"loc":{"start":{"line":3,"column":29},"end":{"line":14,"column":2}},"line":3}},"f":{"0":2}}
,"C:\\Users\\Power of  Leo\\Desktop\\Work\\Cursos\\erick-wendel\\tajs\\modulo-04-tdd-bdd\\aula-01-tdd\\src\\routes\\createUser.js": {"path":"C:\\Users\\Power of  Leo\\Desktop\\Work\\Cursos\\erick-wendel\\tajs\\modulo-04-tdd-bdd\\aula-01-tdd\\src\\routes\\createUser.js","all":false,"statementMap":{"0":{"start":{"line":1,"column":0},"end":{"line":1,"column":35}},"1":{"start":{"line":2,"column":0},"end":{"line":2,"column":55}},"2":{"start":{"line":3,"column":0},"end":{"line":3,"column":41}},"3":{"start":{"line":4,"column":0},"end":{"line":4,"column":55}},"4":{"start":{"line":5,"column":0},"end":{"line":5,"column":33}},"5":{"start":{"line":6,"column":0},"end":{"line":6,"column":0}},"6":{"start":{"line":7,"column":0},"end":{"line":7,"column":47}},"7":{"start":{"line":8,"column":0},"end":{"line":8,"column":39}},"8":{"start":{"line":9,"column":0},"end":{"line":9,"column":50}},"9":{"start":{"line":10,"column":0},"end":{"line":10,"column":0}},"10":{"start":{"line":11,"column":0},"end":{"line":11,"column":30}},"11":{"start":{"line":12,"column":0},"end":{"line":12,"column":55}},"12":{"start":{"line":13,"column":0},"end":{"line":13,"column":3}},"13":{"start":{"line":14,"column":0},"end":{"line":14,"column":26}},"14":{"start":{"line":15,"column":0},"end":{"line":15,"column":51}},"15":{"start":{"line":16,"column":0},"end":{"line":16,"column":3}},"16":{"start":{"line":17,"column":0},"end":{"line":17,"column":54}},"17":{"start":{"line":18,"column":0},"end":{"line":18,"column":0}},"18":{"start":{"line":19,"column":0},"end":{"line":19,"column":38}},"19":{"start":{"line":20,"column":0},"end":{"line":20,"column":54}},"20":{"start":{"line":21,"column":0},"end":{"line":21,"column":3}},"21":{"start":{"line":22,"column":0},"end":{"line":22,"column":0}},"22":{"start":{"line":23,"column":0},"end":{"line":23,"column":68}},"23":{"start":{"line":24,"column":0},"end":{"line":24,"column":30}},"24":{"start":{"line":25,"column":0},"end":{"line":25,"column":0}},"25":{"start":{"line":26,"column":0},"end":{"line":26,"column":37}},"26":{"start":{"line":27,"column":0},"end":{"line":27,"column":0}},"27":{"start":{"line":28,"column":0},"end":{"line":28,"column":16}},"28":{"start":{"line":29,"column":0},"end":{"line":29,"column":15}},"29":{"start":{"line":30,"column":0},"end":{"line":30,"column":27}},"30":{"start":{"line":31,"column":0},"end":{"line":31,"column":23}},"31":{"start":{"line":32,"column":0},"end":{"line":32,"column":5}},"32":{"start":{"line":33,"column":0},"end":{"line":33,"column":22}},"33":{"start":{"line":34,"column":0},"end":{"line":34,"column":39}},"34":{"start":{"line":35,"column":0},"end":{"line":35,"column":5}},"35":{"start":{"line":36,"column":0},"end":{"line":36,"column":49}},"36":{"start":{"line":37,"column":0},"end":{"line":37,"column":2}}},"s":{"0":1,"1":1,"2":1,"3":1,"4":1,"5":1,"6":1,"7":2,"8":2,"9":2,"10":2,"11":0,"12":0,"13":2,"14":0,"15":0,"16":2,"17":2,"18":2,"19":0,"20":0,"21":2,"22":2,"23":2,"24":2,"25":2,"26":2,"27":2,"28":2,"29":2,"30":2,"31":2,"32":2,"33":2,"34":2,"35":2,"36":2},"branchMap":{"0":{"type":"branch","line":7,"loc":{"start":{"line":7,"column":26},"end":{"line":37,"column":2}},"locations":[{"start":{"line":7,"column":26},"end":{"line":37,"column":2}}]},"1":{"type":"branch","line":11,"loc":{"start":{"line":11,"column":29},"end":{"line":13,"column":3}},"locations":[{"start":{"line":11,"column":29},"end":{"line":13,"column":3}}]},"2":{"type":"branch","line":14,"loc":{"start":{"line":14,"column":25},"end":{"line":16,"column":3}},"locations":[{"start":{"line":14,"column":25},"end":{"line":16,"column":3}}]},"3":{"type":"branch","line":19,"loc":{"start":{"line":19,"column":37},"end":{"line":21,"column":3}},"locations":[{"start":{"line":19,"column":37},"end":{"line":21,"column":3}}]}},"b":{"0":[2],"1":[0],"2":[0],"3":[0]},"fnMap":{"0":{"name":"createUser","decl":{"start":{"line":7,"column":26},"end":{"line":37,"column":2}},"loc":{"start":{"line":7,"column":26},"end":{"line":37,"column":2}},"line":7}},"f":{"0":2}}
,"C:\\Users\\Power of  Leo\\Desktop\\Work\\Cursos\\erick-wendel\\tajs\\modulo-04-tdd-bdd\\aula-01-tdd\\src\\routes\\getUser.js": {"path":"C:\\Users\\Power of  Leo\\Desktop\\Work\\Cursos\\erick-wendel\\tajs\\modulo-04-tdd-bdd\\aula-01-tdd\\src\\routes\\getUser.js","all":false,"statementMap":{"0":{"start":{"line":1,"column":0},"end":{"line":1,"column":33}},"1":{"start":{"line":2,"column":0},"end":{"line":2,"column":55}},"2":{"start":{"line":3,"column":0},"end":{"line":3,"column":0}},"3":{"start":{"line":4,"column":0},"end":{"line":4,"column":44}},"4":{"start":{"line":5,"column":0},"end":{"line":5,"column":22}},"5":{"start":{"line":6,"column":0},"end":{"line":6,"column":34}},"6":{"start":{"line":7,"column":0},"end":{"line":7,"column":0}},"7":{"start":{"line":8,"column":0},"end":{"line":8,"column":12}},"8":{"start":{"line":9,"column":0},"end":{"line":9,"column":49}},"9":{"start":{"line":10,"column":0},"end":{"line":10,"column":3}},"10":{"start":{"line":11,"column":0},"end":{"line":11,"column":0}},"11":{"start":{"line":12,"column":0},"end":{"line":12,"column":54}},"12":{"start":{"line":13,"column":0},"end":{"line":13,"column":0}},"13":{"start":{"line":14,"column":0},"end":{"line":14,"column":22}},"14":{"start":{"line":15,"column":0},"end":{"line":15,"column":39}},"15":{"start":{"line":16,"column":0},"end":{"line":16,"column":5}},"16":{"start":{"line":17,"column":0},"end":{"line":17,"column":0}},"17":{"start":{"line":18,"column":0},"end":{"line":18,"column":39}},"18":{"start":{"line":19,"column":0},"end":{"line":19,"column":2}}},"s":{"0":1,"1":1,"2":1,"3":1,"4":1,"5":1,"6":1,"7":1,"8":0,"9":0,"10":1,"11":1,"12":1,"13":1,"14":1,"15":1,"16":1,"17":1,"18":1},"branchMap":{"0":{"type":"branch","line":4,"loc":{"start":{"line":4,"column":23},"end":{"line":19,"column":2}},"locations":[{"start":{"line":4,"column":23},"end":{"line":19,"column":2}}]},"1":{"type":"branch","line":8,"loc":{"start":{"line":8,"column":11},"end":{"line":10,"column":3}},"locations":[{"start":{"line":8,"column":11},"end":{"line":10,"column":3}}]},"2":{"type":"branch","line":12,"loc":{"start":{"line":12,"column":29},"end":{"line":12,"column":52}},"locations":[{"start":{"line":12,"column":29},"end":{"line":12,"column":52}}]}},"b":{"0":[1],"1":[0],"2":[1]},"fnMap":{"0":{"name":"getUser","decl":{"start":{"line":4,"column":23},"end":{"line":19,"column":2}},"loc":{"start":{"line":4,"column":23},"end":{"line":19,"column":2}},"line":4}},"f":{"0":1}}
,"C:\\Users\\Power of  Leo\\Desktop\\Work\\Cursos\\erick-wendel\\tajs\\modulo-04-tdd-bdd\\aula-01-tdd\\src\\static\\exceptions.js": {"path":"C:\\Users\\Power of  Leo\\Desktop\\Work\\Cursos\\erick-wendel\\tajs\\modulo-04-tdd-bdd\\aula-01-tdd\\src\\static\\exceptions.js","all":false,"statementMap":{"0":{"start":{"line":1,"column":0},"end":{"line":1,"column":46}},"1":{"start":{"line":2,"column":0},"end":{"line":2,"column":0}},"2":{"start":{"line":3,"column":0},"end":{"line":3,"column":32}},"3":{"start":{"line":4,"column":0},"end":{"line":4,"column":63}},"4":{"start":{"line":5,"column":0},"end":{"line":5,"column":61}},"5":{"start":{"line":6,"column":0},"end":{"line":6,"column":55}},"6":{"start":{"line":7,"column":0},"end":{"line":7,"column":50}},"7":{"start":{"line":8,"column":0},"end":{"line":8,"column":49}},"8":{"start":{"line":9,"column":0},"end":{"line":9,"column":2}}},"s":{"0":1,"1":1,"2":1,"3":1,"4":1,"5":1,"6":1,"7":1,"8":1},"branchMap":{},"b":{},"fnMap":{},"f":{}}
}
