TN:
SF:src\api.js
FNF:0
FNH:0
DA:1,1
DA:2,1
DA:3,1
DA:4,1
DA:5,1
DA:6,1
DA:7,1
DA:8,7
DA:9,7
DA:10,4
DA:11,4
DA:12,4
DA:13,4
DA:14,3
DA:15,7
DA:16,3
DA:17,3
DA:18,7
DA:19,1
DA:20,1
DA:21,1
DA:22,1
DA:23,1
DA:24,1
DA:25,1
DA:26,1
DA:27,1
DA:28,1
DA:29,1
DA:30,1
DA:31,1
DA:32,0
DA:33,0
DA:34,0
DA:35,0
DA:36,1
DA:37,1
DA:38,1
LF:38
LH:34
BRDA:7,0,0,7
BRDA:9,1,0,4
BRDA:9,2,0,4
BRDA:13,3,0,3
BRDA:15,4,0,3
BRDA:18,5,0,1
BRDA:19,6,0,0
BRDA:23,7,0,0
BRDA:24,8,0,0
BRDA:31,9,0,0
BRF:10
BRH:6
end_of_record
TN:
SF:src\helpers\checkUserAge.js
FN:3,checkUserAge
FNF:1
FNH:1
FNDA:4,checkUserAge
DA:1,1
DA:2,1
DA:3,1
DA:4,4
DA:5,1
DA:6,1
DA:7,4
DA:8,1
DA:9,1
DA:10,4
DA:11,1
DA:12,1
DA:13,1
DA:14,1
LF:14
LH:14
BRDA:3,0,0,4
BRDA:4,1,0,1
BRDA:6,2,0,3
BRDA:7,3,0,1
BRDA:9,4,0,2
BRDA:10,5,0,1
BRF:6
BRH:6
end_of_record
TN:
SF:src\routes\createUser.js
FN:7,createUser
FNF:1
FNH:1
FNDA:4,createUser
DA:1,1
DA:2,1
DA:3,1
DA:4,1
DA:5,1
DA:6,1
DA:7,1
DA:8,4
DA:9,4
DA:10,4
DA:11,4
DA:12,0
DA:13,0
DA:14,4
DA:15,0
DA:16,0
DA:17,4
DA:18,4
DA:19,4
DA:20,0
DA:21,0
DA:22,4
DA:23,4
DA:24,4
DA:25,4
DA:26,4
DA:27,4
DA:28,4
DA:29,4
DA:30,4
DA:31,4
DA:32,4
DA:33,4
DA:34,4
DA:35,4
DA:36,4
DA:37,4
LF:37
LH:31
BRDA:7,0,0,4
BRDA:11,1,0,0
BRDA:14,2,0,0
BRDA:19,3,0,0
BRF:4
BRH:1
end_of_record
TN:
SF:src\routes\getUser.js
FN:4,getUser
FNF:1
FNH:1
FNDA:3,getUser
DA:1,1
DA:2,1
DA:3,1
DA:4,1
DA:5,3
DA:6,3
DA:7,3
DA:8,3
DA:9,0
DA:10,0
DA:11,3
DA:12,3
DA:13,3
DA:14,3
DA:15,3
DA:16,3
DA:17,3
DA:18,3
DA:19,3
LF:19
LH:17
BRDA:4,0,0,3
BRDA:8,1,0,0
BRDA:12,2,0,6
BRF:3
BRH:2
end_of_record
TN:
SF:src\static\exceptions.js
FNF:0
FNH:0
DA:1,1
DA:2,1
DA:3,1
DA:4,1
DA:5,1
DA:6,1
DA:7,1
DA:8,1
DA:9,1
LF:9
LH:9
BRF:0
BRH:0
end_of_record
