{"C:\\Users\\leonardo\\Desktop\\Work\\Cursos\\erick-wendel\\tajs\\modulo-06-complex-projects\\aula01-module-monkey-patching\\src\\runner.js": {"path":"C:\\Users\\leonardo\\Desktop\\Work\\Cursos\\erick-wendel\\tajs\\modulo-06-complex-projects\\aula01-module-monkey-patching\\src\\runner.js","all":false,"statementMap":{"0":{"start":{"line":1,"column":0},"end":{"line":1,"column":36}},"1":{"start":{"line":2,"column":0},"end":{"line":2,"column":35}},"2":{"start":{"line":3,"column":0},"end":{"line":3,"column":0}},"3":{"start":{"line":4,"column":0},"end":{"line":4,"column":26}},"4":{"start":{"line":5,"column":0},"end":{"line":5,"column":39}},"5":{"start":{"line":6,"column":0},"end":{"line":6,"column":47}},"6":{"start":{"line":7,"column":0},"end":{"line":7,"column":0}},"7":{"start":{"line":8,"column":0},"end":{"line":8,"column":38}},"8":{"start":{"line":9,"column":0},"end":{"line":9,"column":0}},"9":{"start":{"line":10,"column":0},"end":{"line":10,"column":21}},"10":{"start":{"line":11,"column":0},"end":{"line":11,"column":2}},"11":{"start":{"line":12,"column":0},"end":{"line":12,"column":0}},"12":{"start":{"line":13,"column":0},"end":{"line":13,"column":18}}},"s":{"0":1,"1":1,"2":1,"3":1,"4":1,"5":1,"6":1,"7":1,"8":1,"9":1,"10":1,"11":1,"12":1},"branchMap":{"0":{"type":"branch","line":4,"loc":{"start":{"line":4,"column":16},"end":{"line":11,"column":2}},"locations":[{"start":{"line":4,"column":16},"end":{"line":11,"column":2}}]}},"b":{"0":[1]},"fnMap":{"0":{"name":"runner","decl":{"start":{"line":4,"column":16},"end":{"line":11,"column":2}},"loc":{"start":{"line":4,"column":16},"end":{"line":11,"column":2}},"line":4}},"f":{"0":1}}
,"C:\\Users\\leonardo\\Desktop\\Work\\Cursos\\erick-wendel\\tajs\\modulo-06-complex-projects\\aula01-module-monkey-patching\\src\\service.js": {"path":"C:\\Users\\leonardo\\Desktop\\Work\\Cursos\\erick-wendel\\tajs\\modulo-06-complex-projects\\aula01-module-monkey-patching\\src\\service.js","all":false,"statementMap":{"0":{"start":{"line":1,"column":0},"end":{"line":1,"column":28}},"1":{"start":{"line":2,"column":0},"end":{"line":2,"column":41}},"2":{"start":{"line":3,"column":0},"end":{"line":3,"column":43}},"3":{"start":{"line":4,"column":0},"end":{"line":4,"column":0}},"4":{"start":{"line":5,"column":0},"end":{"line":5,"column":22}},"5":{"start":{"line":6,"column":0},"end":{"line":6,"column":6}},"6":{"start":{"line":7,"column":0},"end":{"line":7,"column":23}},"7":{"start":{"line":8,"column":0},"end":{"line":8,"column":35}},"8":{"start":{"line":9,"column":0},"end":{"line":9,"column":50}},"9":{"start":{"line":10,"column":0},"end":{"line":10,"column":3}},"10":{"start":{"line":11,"column":0},"end":{"line":11,"column":0}},"11":{"start":{"line":12,"column":0},"end":{"line":12,"column":20}},"12":{"start":{"line":13,"column":0},"end":{"line":13,"column":34}},"13":{"start":{"line":14,"column":0},"end":{"line":14,"column":14}},"14":{"start":{"line":15,"column":0},"end":{"line":15,"column":23}},"15":{"start":{"line":16,"column":0},"end":{"line":16,"column":7}},"16":{"start":{"line":17,"column":0},"end":{"line":17,"column":16}},"17":{"start":{"line":18,"column":0},"end":{"line":18,"column":3}},"18":{"start":{"line":19,"column":0},"end":{"line":19,"column":0}},"19":{"start":{"line":20,"column":0},"end":{"line":20,"column":16}},"20":{"start":{"line":21,"column":0},"end":{"line":21,"column":27}},"21":{"start":{"line":22,"column":0},"end":{"line":22,"column":3}},"22":{"start":{"line":23,"column":0},"end":{"line":23,"column":1}}},"s":{"0":1,"1":1,"2":1,"3":1,"4":1,"5":1,"6":1,"7":1,"8":1,"9":1,"10":1,"11":1,"12":1,"13":1,"14":1,"15":1,"16":1,"17":1,"18":1,"19":1,"20":1,"21":1,"22":1},"branchMap":{"0":{"type":"branch","line":5,"loc":{"start":{"line":5,"column":7},"end":{"line":23,"column":1}},"locations":[{"start":{"line":5,"column":7},"end":{"line":23,"column":1}}]},"1":{"type":"branch","line":7,"loc":{"start":{"line":7,"column":2},"end":{"line":10,"column":3}},"locations":[{"start":{"line":7,"column":2},"end":{"line":10,"column":3}}]},"2":{"type":"branch","line":12,"loc":{"start":{"line":12,"column":2},"end":{"line":18,"column":3}},"locations":[{"start":{"line":12,"column":2},"end":{"line":18,"column":3}}]},"3":{"type":"branch","line":20,"loc":{"start":{"line":20,"column":2},"end":{"line":22,"column":3}},"locations":[{"start":{"line":20,"column":2},"end":{"line":22,"column":3}}]}},"b":{"0":[1],"1":[1],"2":[1],"3":[1]},"fnMap":{"0":{"name":"<instance_members_initializer>","decl":{"start":{"line":5,"column":7},"end":{"line":23,"column":1}},"loc":{"start":{"line":5,"column":7},"end":{"line":23,"column":1}},"line":5},"1":{"name":"Service","decl":{"start":{"line":7,"column":2},"end":{"line":10,"column":3}},"loc":{"start":{"line":7,"column":2},"end":{"line":10,"column":3}},"line":7},"2":{"name":"createHero","decl":{"start":{"line":12,"column":2},"end":{"line":18,"column":3}},"loc":{"start":{"line":12,"column":2},"end":{"line":18,"column":3}},"line":12},"3":{"name":"listHeroes","decl":{"start":{"line":20,"column":2},"end":{"line":22,"column":3}},"loc":{"start":{"line":20,"column":2},"end":{"line":22,"column":3}},"line":20}},"f":{"0":1,"1":1,"2":1,"3":1}}
,"C:\\Users\\leonardo\\Desktop\\Work\\Cursos\\erick-wendel\\tajs\\modulo-06-complex-projects\\aula01-module-monkey-patching\\src\\static.js": {"path":"C:\\Users\\leonardo\\Desktop\\Work\\Cursos\\erick-wendel\\tajs\\modulo-06-complex-projects\\aula01-module-monkey-patching\\src\\static.js","all":false,"statementMap":{"0":{"start":{"line":1,"column":0},"end":{"line":1,"column":44}},"1":{"start":{"line":2,"column":0},"end":{"line":2,"column":0}},"2":{"start":{"line":3,"column":0},"end":{"line":3,"column":32}}},"s":{"0":1,"1":1,"2":1},"branchMap":{},"b":{},"fnMap":{},"f":{}}
}
