{"C:\\Users\\Power of  Leo\\Desktop\\Work\\Cursos\\erick-wendel\\tajs\\modulo-03-conceitos\\aula-05-coverage\\src\\makePerson.js": {"path":"C:\\Users\\Power of  Leo\\Desktop\\Work\\Cursos\\erick-wendel\\tajs\\modulo-03-conceitos\\aula-05-coverage\\src\\makePerson.js","all":false,"statementMap":{"0":{"start":{"line":1,"column":0},"end":{"line":1,"column":39}},"1":{"start":{"line":2,"column":0},"end":{"line":2,"column":43}},"2":{"start":{"line":3,"column":0},"end":{"line":3,"column":10}},"3":{"start":{"line":4,"column":0},"end":{"line":4,"column":9}},"4":{"start":{"line":5,"column":0},"end":{"line":5,"column":8}},"5":{"start":{"line":6,"column":0},"end":{"line":6,"column":26}},"6":{"start":{"line":7,"column":0},"end":{"line":7,"column":4}},"7":{"start":{"line":8,"column":0},"end":{"line":8,"column":2}}},"s":{"0":1,"1":2,"2":2,"3":2,"4":2,"5":2,"6":2,"7":2},"branchMap":{"0":{"type":"branch","line":1,"loc":{"start":{"line":1,"column":27},"end":{"line":8,"column":2}},"locations":[{"start":{"line":1,"column":27},"end":{"line":8,"column":2}}]}},"b":{"0":[2]},"fnMap":{"0":{"name":"makePerson","decl":{"start":{"line":1,"column":27},"end":{"line":8,"column":2}},"loc":{"start":{"line":1,"column":27},"end":{"line":8,"column":2}},"line":1}},"f":{"0":2}}
}
